[19-Mar-2012 17:02:16] PHP Fatal error:  Call to undefined method PhenotypeAdminLayout::workarea_form_selectbox() in /var/www/vhosts/think-dev.de/dalatedensee/dynamisch/htdocs/_phenotype/admin/page_edit.php on line 425
[19-Mar-2012 17:02:28] PHP Fatal error:  Call to undefined method PhenotypeAdminLayout::workarea_form_selectbox() in /var/www/vhosts/think-dev.de/dalatedensee/dynamisch/htdocs/_phenotype/admin/page_edit.php on line 425
[19-Mar-2012 17:02:39] PHP Fatal error:  Call to undefined method PhenotypeAdminLayout::workarea_form_selectbox() in /var/www/vhosts/think-dev.de/dalatedensee/dynamisch/htdocs/_phenotype/admin/page_edit.php on line 426
[19-Mar-2012 17:02:50] PHP Fatal error:  Call to undefined method PhenotypeAdminLayout::workarea_form_selectbox() in /var/www/vhosts/think-dev.de/dalatedensee/dynamisch/htdocs/_phenotype/admin/page_edit.php on line 427
[19-Mar-2012 17:03:58] PHP Notice:  Use of undefined constant PT_FRONTEND - assumed 'PT_FRONTEND' in /var/www/vhosts/think-dev.de/dalatedensee/dynamisch/_phenotype/system/class/Phenotype.class.php on line 1031
[20-Mar-2012 10:48:44] PHP Fatal error:  Cannot use object of type PhenotypePage as array in /var/www/vhosts/think-dev.de/dalatedensee/dynamisch/_phenotype/temp/smarty/%%1D^1D0^1D04816A%%0001.normal.tpl.php on line 11
[20-Mar-2012 10:51:32] PHP Fatal error:  Cannot use object of type PhenotypePage as array in /var/www/vhosts/think-dev.de/dalatedensee/dynamisch/_phenotype/temp/smarty/%%1D^1D0^1D04816A%%0001.normal.tpl.php on line 11
[20-Mar-2012 10:52:08] PHP Fatal error:  Cannot use object of type PhenotypePage as array in /var/www/vhosts/think-dev.de/dalatedensee/dynamisch/_phenotype/temp/smarty/%%1D^1D0^1D04816A%%0001.normal.tpl.php on line 11
[20-Mar-2012 10:55:03] PHP Fatal error:  Cannot use object of type PhenotypePage as array in /var/www/vhosts/think-dev.de/dalatedensee/dynamisch/_phenotype/temp/smarty/%%1D^1D0^1D04816A%%0001.normal.tpl.php on line 11
[20-Mar-2012 10:55:04] PHP Fatal error:  Cannot use object of type PhenotypePage as array in /var/www/vhosts/think-dev.de/dalatedensee/dynamisch/_phenotype/temp/smarty/%%1D^1D0^1D04816A%%0001.normal.tpl.php on line 11
[20-Mar-2012 10:56:45] PHP Fatal error:  Cannot use object of type PhenotypePage as array in /var/www/vhosts/think-dev.de/dalatedensee/dynamisch/_phenotype/temp/smarty/%%1D^1D0^1D04816A%%0001.normal.tpl.php on line 11
[20-Mar-2012 10:56:46] PHP Fatal error:  Cannot use object of type PhenotypePage as array in /var/www/vhosts/think-dev.de/dalatedensee/dynamisch/_phenotype/temp/smarty/%%1D^1D0^1D04816A%%0001.normal.tpl.php on line 11
[20-Mar-2012 10:56:46] PHP Fatal error:  Cannot use object of type PhenotypePage as array in /var/www/vhosts/think-dev.de/dalatedensee/dynamisch/_phenotype/temp/smarty/%%1D^1D0^1D04816A%%0001.normal.tpl.php on line 11
[20-Mar-2012 10:57:04] PHP Fatal error:  Cannot use object of type PhenotypePage as array in /var/www/vhosts/think-dev.de/dalatedensee/dynamisch/_phenotype/temp/smarty/%%1D^1D0^1D04816A%%0001.normal.tpl.php on line 11
[20-Mar-2012 10:57:05] PHP Fatal error:  Cannot use object of type PhenotypePage as array in /var/www/vhosts/think-dev.de/dalatedensee/dynamisch/_phenotype/temp/smarty/%%1D^1D0^1D04816A%%0001.normal.tpl.php on line 11
[20-Mar-2012 10:57:09] PHP Fatal error:  Cannot use object of type PhenotypePage as array in /var/www/vhosts/think-dev.de/dalatedensee/dynamisch/_phenotype/temp/smarty/%%1D^1D0^1D04816A%%0001.normal.tpl.php on line 11
[20-Mar-2012 10:57:10] PHP Fatal error:  Cannot use object of type PhenotypePage as array in /var/www/vhosts/think-dev.de/dalatedensee/dynamisch/_phenotype/temp/smarty/%%1D^1D0^1D04816A%%0001.normal.tpl.php on line 11
[20-Mar-2012 10:57:31] PHP Fatal error:  Cannot use object of type PhenotypePage as array in /var/www/vhosts/think-dev.de/dalatedensee/dynamisch/_phenotype/temp/smarty/%%1D^1D0^1D04816A%%0001.normal.tpl.php on line 13
[20-Mar-2012 11:01:56] PHP Fatal error:  Call to undefined method stdClass::config_load() in /var/www/vhosts/think-dev.de/dalatedensee/dynamisch/_phenotype/system/class/PhenotypeSmarty.class.php on line 66
[20-Mar-2012 11:01:58] PHP Fatal error:  Call to undefined method stdClass::config_load() in /var/www/vhosts/think-dev.de/dalatedensee/dynamisch/_phenotype/system/class/PhenotypeSmarty.class.php on line 66
[20-Mar-2012 11:26:37] PHP Parse error:  syntax error, unexpected T_VARIABLE in /var/www/vhosts/think-dev.de/dalatedensee/dynamisch/_phenotype/application/components/PhenotypeComponent_8.class.php on line 48
[20-Mar-2012 11:26:52] PHP Parse error:  syntax error, unexpected T_VARIABLE in /var/www/vhosts/think-dev.de/dalatedensee/dynamisch/_phenotype/application/components/PhenotypeComponent_8.class.php on line 48
[20-Mar-2012 11:26:59] PHP Parse error:  syntax error, unexpected T_VARIABLE in /var/www/vhosts/think-dev.de/dalatedensee/dynamisch/_phenotype/application/components/PhenotypeComponent_8.class.php on line 48
[20-Mar-2012 11:27:21] PHP Parse error:  syntax error, unexpected T_VARIABLE in /var/www/vhosts/think-dev.de/dalatedensee/dynamisch/_phenotype/application/components/PhenotypeComponent_8.class.php on line 51
[20-Mar-2012 11:27:40] PHP Parse error:  syntax error, unexpected T_VARIABLE in /var/www/vhosts/think-dev.de/dalatedensee/dynamisch/_phenotype/application/components/PhenotypeComponent_8.class.php on line 48
[20-Mar-2012 11:27:51] PHP Parse error:  syntax error, unexpected T_VARIABLE in /var/www/vhosts/think-dev.de/dalatedensee/dynamisch/_phenotype/application/components/PhenotypeComponent_8.class.php on line 48
[20-Mar-2012 11:27:58] PHP Parse error:  syntax error, unexpected T_VARIABLE in /var/www/vhosts/think-dev.de/dalatedensee/dynamisch/_phenotype/application/components/PhenotypeComponent_8.class.php on line 48
[20-Mar-2012 12:59:10] PHP Parse error:  syntax error, unexpected '=', expecting ')' in /var/www/vhosts/think-dev.de/dalatedensee/dynamisch/_phenotype/application/components/PhenotypeComponent_8.class.php on line 29
[20-Mar-2012 12:59:12] PHP Parse error:  syntax error, unexpected '=', expecting ')' in /var/www/vhosts/think-dev.de/dalatedensee/dynamisch/_phenotype/application/components/PhenotypeComponent_8.class.php on line 29
[20-Mar-2012 12:59:18] PHP Parse error:  syntax error, unexpected '=', expecting ')' in /var/www/vhosts/think-dev.de/dalatedensee/dynamisch/_phenotype/application/components/PhenotypeComponent_8.class.php on line 29
[20-Mar-2012 12:59:49] PHP Parse error:  syntax error, unexpected '=', expecting ')' in /var/www/vhosts/think-dev.de/dalatedensee/dynamisch/_phenotype/application/components/PhenotypeComponent_8.class.php on line 29
[20-Mar-2012 12:59:55] PHP Parse error:  syntax error, unexpected '=', expecting ')' in /var/www/vhosts/think-dev.de/dalatedensee/dynamisch/_phenotype/application/components/PhenotypeComponent_8.class.php on line 29
[20-Mar-2012 12:59:56] PHP Parse error:  syntax error, unexpected '=', expecting ')' in /var/www/vhosts/think-dev.de/dalatedensee/dynamisch/_phenotype/application/components/PhenotypeComponent_8.class.php on line 29
[22-Mar-2012 13:26:35] PHP Parse error:  syntax error, unexpected ';' in /var/www/vhosts/think-dev.de/dalatedensee/dynamisch/_phenotype/application/components/PhenotypeComponent_12.class.php on line 68
[22-Mar-2012 13:26:36] PHP Parse error:  syntax error, unexpected ';' in /var/www/vhosts/think-dev.de/dalatedensee/dynamisch/_phenotype/application/components/PhenotypeComponent_12.class.php on line 68
[22-Mar-2012 13:26:38] PHP Parse error:  syntax error, unexpected ';' in /var/www/vhosts/think-dev.de/dalatedensee/dynamisch/_phenotype/application/components/PhenotypeComponent_12.class.php on line 68
[22-Mar-2012 13:26:39] PHP Parse error:  syntax error, unexpected ';' in /var/www/vhosts/think-dev.de/dalatedensee/dynamisch/_phenotype/application/components/PhenotypeComponent_12.class.php on line 68
[24-Sep-2012 11:28:31] PHP Fatal error:  Class 'PhenotypeLayoutStandard' not found in /var/www/vhosts/think-dev.de/fashionsession/dynamisch/_phenotype/system/_autoloader.inc.php(34) : eval()'d code on line 1
[24-Sep-2012 11:36:50] PHP Parse error:  syntax error, unexpected $end, expecting ')' in /var/www/vhosts/think-dev.de/fashionsession/dynamisch/_phenotype/system/backend/PhenotypeBackend_Editor_Content.class.php on line 942
[24-Sep-2012 11:38:40] PHP Parse error:  syntax error, unexpected $end in /var/www/vhosts/think-dev.de/fashionsession/dynamisch/_phenotype/system/backend/PhenotypeBackend_Editor_Media.class.php on line 972
[24-Sep-2012 11:51:35] PHP Parse error:  syntax error, unexpected $end in /var/www/vhosts/think-dev.de/fashionsession/dynamisch/_phenotype/system/class/PhenotypeLayout.class.php on line 3315
[24-Sep-2012 11:59:02] PHP Parse error:  syntax error, unexpected $end in /var/www/vhosts/think-dev.de/fashionsession/dynamisch/_phenotype/system/backend/PhenotypeBackend_Editor_Media.class.php on line 972
[24-Sep-2012 12:52:14] PHP Fatal error:  Call to undefined method PhenotypeAdminLayout::workarea_form_jqupload() in /var/www/vhosts/think-dev.de/fashionsession/dynamisch/_phenotype/system/backend/PhenotypeBackend_Editor_Media.class.php on line 2257
[24-Sep-2012 12:54:09] PHP Parse error:  syntax error, unexpected $end in /var/www/vhosts/think-dev.de/fashionsession/dynamisch/_phenotype/system/class/PhenotypeLayout.class.php on line 3315
[24-Sep-2012 12:54:46] PHP Parse error:  syntax error, unexpected $end in /var/www/vhosts/think-dev.de/fashionsession/dynamisch/_phenotype/system/class/PhenotypeLayout.class.php on line 1649
[24-Sep-2012 13:33:45] PHP Parse error:  syntax error, unexpected T_STRING in /var/www/vhosts/think-dev.de/fashionsession/dynamisch/_phenotype/system/class/PhenotypeLayout.class.php on line 4053
[24-Sep-2012 13:33:46] PHP Parse error:  syntax error, unexpected T_STRING in /var/www/vhosts/think-dev.de/fashionsession/dynamisch/_phenotype/system/class/PhenotypeLayout.class.php on line 4053
[24-Sep-2012 13:34:10] PHP Parse error:  syntax error, unexpected T_STRING in /var/www/vhosts/think-dev.de/fashionsession/dynamisch/_phenotype/system/class/PhenotypeLayout.class.php on line 4055
[24-Sep-2012 13:35:14] PHP Parse error:  syntax error, unexpected T_STRING in /var/www/vhosts/think-dev.de/fashionsession/dynamisch/_phenotype/system/class/PhenotypeLayout.class.php on line 4055
[24-Sep-2012 13:35:22] PHP Parse error:  syntax error, unexpected $end in /var/www/vhosts/think-dev.de/fashionsession/dynamisch/_phenotype/system/class/PhenotypeLayout.class.php on line 3315
[24-Sep-2012 13:35:39] PHP Notice:  Use of undefined constant PT_FRONTEND - assumed 'PT_FRONTEND' in /var/www/vhosts/think-dev.de/fashionsession/dynamisch/_phenotype/system/class/Phenotype.class.php on line 1031
[24-Sep-2012 13:35:39] PHP Notice:  Use of undefined constant PT_FRONTEND - assumed 'PT_FRONTEND' in /var/www/vhosts/think-dev.de/fashionsession/dynamisch/_phenotype/system/class/Phenotype.class.php on line 1031
[24-Sep-2012 13:36:53] PHP Parse error:  syntax error, unexpected ':' in /var/www/vhosts/think-dev.de/fashionsession/dynamisch/_phenotype/system/class/PhenotypeLayout.class.php on line 3971
[24-Sep-2012 13:36:53] PHP Parse error:  syntax error, unexpected ':' in /var/www/vhosts/think-dev.de/fashionsession/dynamisch/_phenotype/system/class/PhenotypeLayout.class.php on line 3971
[24-Sep-2012 13:37:11] PHP Parse error:  syntax error, unexpected ':' in /var/www/vhosts/think-dev.de/fashionsession/dynamisch/_phenotype/system/class/PhenotypeLayout.class.php on line 3971
[24-Sep-2012 13:37:12] PHP Parse error:  syntax error, unexpected ':' in /var/www/vhosts/think-dev.de/fashionsession/dynamisch/_phenotype/system/class/PhenotypeLayout.class.php on line 3971
[24-Sep-2012 13:37:40] PHP Parse error:  syntax error, unexpected ':' in /var/www/vhosts/think-dev.de/fashionsession/dynamisch/_phenotype/system/class/PhenotypeLayout.class.php on line 3971
[24-Sep-2012 13:37:40] PHP Parse error:  syntax error, unexpected ':' in /var/www/vhosts/think-dev.de/fashionsession/dynamisch/_phenotype/system/class/PhenotypeLayout.class.php on line 3971
[24-Sep-2012 13:38:06] PHP Parse error:  syntax error, unexpected ':' in /var/www/vhosts/think-dev.de/fashionsession/dynamisch/_phenotype/system/class/PhenotypeLayout.class.php on line 3971
[24-Sep-2012 13:40:16] PHP Notice:  Use of undefined constant PT_FRONTEND - assumed 'PT_FRONTEND' in /var/www/vhosts/think-dev.de/fashionsession/dynamisch/_phenotype/system/class/Phenotype.class.php on line 1031
[24-Sep-2012 13:40:16] PHP Notice:  Use of undefined constant PT_FRONTEND - assumed 'PT_FRONTEND' in /var/www/vhosts/think-dev.de/fashionsession/dynamisch/_phenotype/system/class/Phenotype.class.php on line 1031
[24-Sep-2012 13:41:12] PHP Warning:  Unterminated comment starting line 2508 in /var/www/vhosts/think-dev.de/fashionsession/dynamisch/_phenotype/system/class/PhenotypeLayout.class.php on line 2508
[24-Sep-2012 13:41:12] PHP Parse error:  syntax error, unexpected $end in /var/www/vhosts/think-dev.de/fashionsession/dynamisch/_phenotype/system/class/PhenotypeLayout.class.php on line 2522
[24-Sep-2012 13:45:29] PHP Parse error:  syntax error, unexpected $end in /var/www/vhosts/think-dev.de/fashionsession/dynamisch/_phenotype/system/class/PhenotypeLayout.class.php on line 1649
[24-Sep-2012 14:07:39] PHP Warning:  Unterminated comment starting line 2508 in /var/www/vhosts/think-dev.de/fashionsession/dynamisch/_phenotype/system/class/PhenotypeLayout.class.php on line 2508
[24-Sep-2012 14:07:39] PHP Parse error:  syntax error, unexpected $end in /var/www/vhosts/think-dev.de/fashionsession/dynamisch/_phenotype/system/class/PhenotypeLayout.class.php on line 2522
[24-Sep-2012 14:09:43] PHP Parse error:  syntax error, unexpected $end in /var/www/vhosts/think-dev.de/fashionsession/dynamisch/_phenotype/system/class/PhenotypeLayout.class.php on line 3315
[24-Sep-2012 14:11:44] PHP Parse error:  syntax error, unexpected $end in /var/www/vhosts/think-dev.de/fashionsession/dynamisch/_phenotype/system/backend/PhenotypeBackend_Editor_Media.class.php on line 1897
[24-Sep-2012 14:38:59] PHP Parse error:  syntax error, unexpected $end in /var/www/vhosts/think-dev.de/fashionsession/dynamisch/_phenotype/system/backend/PhenotypeBackend_Editor_Media.class.php on line 2842
[24-Sep-2012 14:45:24] PHP Warning:  Unterminated comment starting line 4105 in /var/www/vhosts/think-dev.de/fashionsession/dynamisch/_phenotype/system/class/PhenotypeLayout.class.php on line 4105
[24-Sep-2012 14:45:24] PHP Parse error:  syntax error, unexpected $end, expecting T_FUNCTION in /var/www/vhosts/think-dev.de/fashionsession/dynamisch/_phenotype/system/class/PhenotypeLayout.class.php on line 4111
[24-Sep-2012 15:03:39] PHP Warning:  Unterminated comment starting line 2508 in /var/www/vhosts/think-dev.de/fashionsession/dynamisch/_phenotype/system/class/PhenotypeLayout.class.php on line 2508
[24-Sep-2012 15:03:39] PHP Parse error:  syntax error, unexpected $end in /var/www/vhosts/think-dev.de/fashionsession/dynamisch/_phenotype/system/class/PhenotypeLayout.class.php on line 2522
[24-Sep-2012 15:22:26] PHP Warning:  Unterminated comment starting line 2508 in /var/www/vhosts/think-dev.de/fashionsession/dynamisch/_phenotype/system/class/PhenotypeLayout.class.php on line 2508
[24-Sep-2012 15:22:26] PHP Parse error:  syntax error, unexpected $end in /var/www/vhosts/think-dev.de/fashionsession/dynamisch/_phenotype/system/class/PhenotypeLayout.class.php on line 2522
[24-Sep-2012 15:25:52] PHP Parse error:  syntax error, unexpected ';', expecting ')' in /var/www/vhosts/think-dev.de/fashionsession/dynamisch/_phenotype/system/class/PhenotypeContent.class.php on line 1161
[24-Sep-2012 15:25:54] PHP Parse error:  syntax error, unexpected ';', expecting ')' in /var/www/vhosts/think-dev.de/fashionsession/dynamisch/_phenotype/system/class/PhenotypeContent.class.php on line 1161
[24-Sep-2012 15:26:01] PHP Parse error:  syntax error, unexpected $end in /var/www/vhosts/think-dev.de/fashionsession/dynamisch/_phenotype/system/class/PhenotypeContent.class.php on line 3422
[24-Sep-2012 15:37:48] PHP Parse error:  syntax error, unexpected $end in /var/www/vhosts/think-dev.de/fashionsession/dynamisch/_phenotype/system/class/PhenotypeContent.class.php on line 2319
[24-Sep-2012 15:39:59] PHP Fatal error:  Can't use method return value in write context in /var/www/vhosts/think-dev.de/fashionsession/dynamisch/_phenotype/system/class/PhenotypeContent.class.php on line 2297
[24-Sep-2012 15:40:00] PHP Fatal error:  Can't use method return value in write context in /var/www/vhosts/think-dev.de/fashionsession/dynamisch/_phenotype/system/class/PhenotypeContent.class.php on line 2297
[24-Sep-2012 15:40:01] PHP Fatal error:  Can't use method return value in write context in /var/www/vhosts/think-dev.de/fashionsession/dynamisch/_phenotype/system/class/PhenotypeContent.class.php on line 2297
[24-Sep-2012 15:42:22] PHP Parse error:  syntax error, unexpected $end in /var/www/vhosts/think-dev.de/fashionsession/dynamisch/_phenotype/system/class/PhenotypeContent.class.php on line 3419
[24-Sep-2012 15:43:39] PHP Parse error:  syntax error, unexpected $end in /var/www/vhosts/think-dev.de/fashionsession/dynamisch/_phenotype/system/class/PhenotypeContent.class.php on line 4455
[24-Sep-2012 15:52:55] PHP Parse error:  syntax error, unexpected $end in /var/www/vhosts/think-dev.de/fashionsession/dynamisch/_phenotype/system/backend/PhenotypeBackend_Editor_Media.class.php on line 1898
[24-Sep-2012 16:03:28] PHP Fatal error:  Call to a member function query() on a non-object in /var/www/vhosts/think-dev.de/fashionsession/dynamisch/_phenotype/application/content/PhenotypeContent_1.class.php on line 114
[24-Sep-2012 16:03:30] PHP Fatal error:  Call to a member function query() on a non-object in /var/www/vhosts/think-dev.de/fashionsession/dynamisch/_phenotype/application/content/PhenotypeContent_1.class.php on line 114
